<?xml version="1.0" encoding="UTF-8"?>
<!-- Generated by org.testng.reporters.JUnitXMLReporter -->
<testsuite ignored="0" hostname="DESKTOP-F6L6QI8" failures="0" tests="3" name="Default test" time="687.249" errors="0" timestamp="2022-04-25T13:14:12 EDT">
  <testcase classname="missionHumaneProject.Missionhumanetestpage" name="punecovidsearchdata" time="385.323"/>
  <testcase classname="missionHumaneProject.Missionhumanetestpage" name="tndataSearch" time="158.804"/>
  <testcase classname="missionHumaneProject.Missionhumanetestpage" name="wbdataSearch" time="139.387"/>
</testsuite> <!-- Default test -->
