<?xml version="1.0" encoding="UTF-8"?>
<!-- Generated by org.testng.reporters.JUnitXMLReporter -->
<testsuite hostname="DESKTOP-F6L6QI8" failures="0" tests="4" name="Default test" time="3.209" errors="0" timestamp="9 Mar 2022 18:09:09 GMT">
  <testcase classname="RestApiTests.JobsApi_getcreateddata" name="getcreatedprogram" time="1.782"/>
  <testcase classname="RestApiTests.JobsApi_getcreateddata" name="getcreatedprogram" time="0.288"/>
  <testcase classname="RestApiTests.JobsApi_getcreateddata" name="getcreatedprogram" time="0.192"/>
  <testcase classname="RestApiTests.JobsApi_getcreateddata" name="getcreatedprogram" time="0.262"/>
</testsuite> <!-- Default test -->
