<?xml version="1.0" encoding="UTF-8"?>
<testng-results ignored="0" total="3" passed="3" failed="0" skipped="0">
  <reporter-output>
  </reporter-output>
  <suite started-at="2022-04-25T13:19:30 EDT" name="Suite" finished-at="2022-04-25T13:30:25 EDT" duration-ms="654938">
    <groups>
    </groups>
    <test started-at="2022-04-25T13:19:30 EDT" name="Testparallel" finished-at="2022-04-25T13:30:25 EDT" duration-ms="654938">
      <class name="missionHumaneProject.Missionhumanetestpage">
        <test-method is-config="true" signature="beforeTest()[pri:0, instance:missionHumaneProject.Missionhumanetestpage@5d99c6b5]" started-at="2022-04-25T13:19:30 EDT" name="beforeTest" finished-at="2022-04-25T13:19:32 EDT" duration-ms="1475" status="PASS">
          <reporter-output>
          </reporter-output>
        </test-method> <!-- beforeTest -->
        <test-method signature="punecovidsearchdata()[pri:0, instance:missionHumaneProject.Missionhumanetestpage@5d99c6b5]" started-at="2022-04-25T13:19:32 EDT" name="punecovidsearchdata" finished-at="2022-04-25T13:25:17 EDT" duration-ms="345619" status="PASS">
          <reporter-output>
          </reporter-output>
        </test-method> <!-- punecovidsearchdata -->
        <test-method signature="tndataSearch()[pri:0, instance:missionHumaneProject.Missionhumanetestpage@5d99c6b5]" started-at="2022-04-25T13:25:17 EDT" name="tndataSearch" finished-at="2022-04-25T13:28:02 EDT" duration-ms="164441" status="PASS">
          <reporter-output>
          </reporter-output>
        </test-method> <!-- tndataSearch -->
        <test-method signature="wbdataSearch()[pri:0, instance:missionHumaneProject.Missionhumanetestpage@5d99c6b5]" started-at="2022-04-25T13:28:02 EDT" name="wbdataSearch" finished-at="2022-04-25T13:30:21 EDT" duration-ms="138822" status="PASS">
          <reporter-output>
          </reporter-output>
        </test-method> <!-- wbdataSearch -->
        <test-method is-config="true" signature="afterTest()[pri:0, instance:missionHumaneProject.Missionhumanetestpage@5d99c6b5]" started-at="2022-04-25T13:30:21 EDT" name="afterTest" finished-at="2022-04-25T13:30:25 EDT" duration-ms="4483" status="PASS">
          <reporter-output>
          </reporter-output>
        </test-method> <!-- afterTest -->
      </class> <!-- missionHumaneProject.Missionhumanetestpage -->
    </test> <!-- Testparallel -->
  </suite> <!-- Suite -->
</testng-results>
