<?xml version="1.0" encoding="UTF-8"?>
<testng-results total="8" passed="8" failed="0" skipped="0">
  <reporter-output>
  </reporter-output>
  <suite started-at="2022-03-25T19:13:19Z" name="Suite1" finished-at="2022-03-25T19:13:24Z" duration-ms="5783">
    <groups>
    </groups>
    <test started-at="2022-03-25T19:13:19Z" name="Testall" finished-at="2022-03-25T19:13:24Z" duration-ms="5783">
      <class name="testCases.LmsApiProject.Lms_jsonschemavalidation">
        <test-method signature="Get_allprograms()[pri:0, instance:testCases.LmsApiProject.Lms_jsonschemavalidation@57a78e3]" started-at="2022-03-25T15:13:19Z" name="Get_allprograms" finished-at="2022-03-25T15:13:22Z" duration-ms="2951" status="PASS">
          <reporter-output>
          </reporter-output>
        </test-method> <!-- Get_allprograms -->
      </class> <!-- testCases.LmsApiProject.Lms_jsonschemavalidation -->
      <class name="testCases.LmsApiProject.TC004_LmsDeleteMethod">
        <test-method signature="Lms_Deleteprograms(java.lang.String)[pri:0, instance:testCases.LmsApiProject.TC004_LmsDeleteMethod@6fa51cd4]" started-at="2022-03-25T15:13:23Z" name="Lms_Deleteprograms" data-provider="data_fromexcel" finished-at="2022-03-25T15:13:24Z" duration-ms="398" status="PASS">
          <params>
            <param index="0">
              <value>
                <![CDATA[3591]]>
              </value>
            </param>
          </params>
          <reporter-output>
          </reporter-output>
        </test-method> <!-- Lms_Deleteprograms -->
        <test-method signature="Lms_Deleteprograms(java.lang.String)[pri:0, instance:testCases.LmsApiProject.TC004_LmsDeleteMethod@6fa51cd4]" started-at="2022-03-25T15:13:24Z" name="Lms_Deleteprograms" data-provider="data_fromexcel" finished-at="2022-03-25T15:13:24Z" duration-ms="307" status="PASS">
          <params>
            <param index="0">
              <value>
                <![CDATA[1773]]>
              </value>
            </param>
          </params>
          <reporter-output>
          </reporter-output>
        </test-method> <!-- Lms_Deleteprograms -->
      </class> <!-- testCases.LmsApiProject.TC004_LmsDeleteMethod -->
      <class name="testCases.LmsApiProject.TC003_LmsPutMethod">
        <test-method signature="Lms_Putprogram(java.lang.String, java.lang.String, java.lang.String)[pri:0, instance:testCases.LmsApiProject.TC003_LmsPutMethod@402c4085]" started-at="2022-03-25T15:13:22Z" name="Lms_Putprogram" data-provider="data_fromexcel" finished-at="2022-03-25T15:13:23Z" duration-ms="463" status="PASS">
          <params>
            <param index="0">
              <value>
                <![CDATA[Selenium]]>
              </value>
            </param>
            <param index="1">
              <value>
                <![CDATA[Automation Testing]]>
              </value>
            </param>
            <param index="2">
              <value>
                <![CDATA[4239]]>
              </value>
            </param>
          </params>
          <reporter-output>
          </reporter-output>
        </test-method> <!-- Lms_Putprogram -->
        <test-method signature="Lms_Putprogram(java.lang.String, java.lang.String, java.lang.String)[pri:0, instance:testCases.LmsApiProject.TC003_LmsPutMethod@402c4085]" started-at="2022-03-25T15:13:23Z" name="Lms_Putprogram" data-provider="data_fromexcel" finished-at="2022-03-25T15:13:23Z" duration-ms="394" status="PASS">
          <params>
            <param index="0">
              <value>
                <![CDATA[Postman, Restassured,Selenium]]>
              </value>
            </param>
            <param index="1">
              <value>
                <![CDATA[API training]]>
              </value>
            </param>
            <param index="2">
              <value>
                <![CDATA[1773]]>
              </value>
            </param>
          </params>
          <reporter-output>
          </reporter-output>
        </test-method> <!-- Lms_Putprogram -->
      </class> <!-- testCases.LmsApiProject.TC003_LmsPutMethod -->
      <class name="testCases.LmsApiProject.TC002_LmsPostmethod">
        <test-method signature="Post_program(java.lang.String, java.lang.String, java.lang.String)[pri:0, instance:testCases.LmsApiProject.TC002_LmsPostmethod@2767e23c]" started-at="2022-03-25T15:13:23Z" name="Post_program" data-provider="data_fromexcel" finished-at="2022-03-25T15:13:24Z" duration-ms="651" status="PASS">
          <params>
            <param index="0">
              <value>
                <![CDATA[TRUE]]>
              </value>
            </param>
            <param index="1">
              <value>
                <![CDATA[postman ApI]]>
              </value>
            </param>
            <param index="2">
              <value>
                <![CDATA[Automation Testing]]>
              </value>
            </param>
          </params>
          <reporter-output>
          </reporter-output>
        </test-method> <!-- Post_program -->
        <test-method signature="Post_program(java.lang.String, java.lang.String, java.lang.String)[pri:0, instance:testCases.LmsApiProject.TC002_LmsPostmethod@2767e23c]" started-at="2022-03-25T15:13:24Z" name="Post_program" data-provider="data_fromexcel" finished-at="2022-03-25T15:13:24Z" duration-ms="333" status="PASS">
          <params>
            <param index="0">
              <value>
                <![CDATA[FALSE]]>
              </value>
            </param>
            <param index="1">
              <value>
                <![CDATA[Postman, Restassured,Selenium]]>
              </value>
            </param>
            <param index="2">
              <value>
                <![CDATA[API training]]>
              </value>
            </param>
          </params>
          <reporter-output>
          </reporter-output>
        </test-method> <!-- Post_program -->
      </class> <!-- testCases.LmsApiProject.TC002_LmsPostmethod -->
      <class name="testCases.LmsApiProject.TC001_LmsgetMethod">
        <test-method signature="Get_allprograms()[pri:0, instance:testCases.LmsApiProject.TC001_LmsgetMethod@5032714f]" started-at="2022-03-25T15:13:19Z" name="Get_allprograms" finished-at="2022-03-25T15:13:23Z" duration-ms="4729" status="PASS">
          <reporter-output>
          </reporter-output>
        </test-method> <!-- Get_allprograms -->
      </class> <!-- testCases.LmsApiProject.TC001_LmsgetMethod -->
    </test> <!-- Testall -->
  </suite> <!-- Suite1 -->
</testng-results>
