<?xml version="1.0" encoding="UTF-8"?>
<!-- Generated by org.testng.reporters.JUnitXMLReporter -->
<testsuite hostname="DESKTOP-F6L6QI8" failures="0" tests="8" name="Testall" time="5.783" errors="0" timestamp="25 Mar 2022 19:13:24 GMT">
  <testcase classname="testCases.LmsApiProject.Lms_jsonschemavalidation" name="Get_allprograms" time="2.951"/>
  <testcase classname="testCases.LmsApiProject.TC003_LmsPutMethod" name="Lms_Putprogram" time="0.463"/>
  <testcase classname="testCases.LmsApiProject.TC003_LmsPutMethod" name="Lms_Putprogram" time="0.394"/>
  <testcase classname="testCases.LmsApiProject.TC001_LmsgetMethod" name="Get_allprograms" time="4.729"/>
  <testcase classname="testCases.LmsApiProject.TC004_LmsDeleteMethod" name="Lms_Deleteprograms" time="0.398"/>
  <testcase classname="testCases.LmsApiProject.TC002_LmsPostmethod" name="Post_program" time="0.651"/>
  <testcase classname="testCases.LmsApiProject.TC004_LmsDeleteMethod" name="Lms_Deleteprograms" time="0.307"/>
  <testcase classname="testCases.LmsApiProject.TC002_LmsPostmethod" name="Post_program" time="0.333"/>
</testsuite> <!-- Testall -->
