<?xml version="1.0" encoding="UTF-8"?>
<!-- Generated by org.testng.reporters.JUnitXMLReporter -->
<testsuite hostname="DESKTOP-F6L6QI8" failures="0" tests="6" name="Testall" time="2.211" errors="0" timestamp="9 Mar 2022 18:07:03 GMT">
  <testcase classname="RestApiTests.JobsApi_getcreateddata" name="getcreatedprogram" time="0.0">
    <skipped/>
  </testcase> <!-- getcreatedprogram -->
  <testcase classname="RestApiTests.JobsAPi_Postprograms" name="Post_program" time="0.0">
    <skipped/>
  </testcase> <!-- Post_program -->
  <testcase classname="RestApiTests.JobsApi_Deleteprograms" name="delete_programs" time="0.0">
    <skipped/>
  </testcase> <!-- delete_programs -->
  <testcase classname="RestApiTests.JobsApi_Putprogram" name="Put_programs" time="0.0">
    <skipped/>
  </testcase> <!-- Put_programs -->
  <testcase classname="RestApiTests.JobsAPi_getprograms" name="get_programs" time="1.684"/>
  <testcase classname="RestApiTests.jsonschema_Jobsapi" name="get_programs" time="2.193"/>
</testsuite> <!-- Testall -->
