<?xml version="1.0" encoding="UTF-8"?>
<!-- Generated by org.testng.reporters.JUnitXMLReporter -->
<testsuite ignored="0" hostname="DESKTOP-F6L6QI8" failures="0" tests="3" name="Testparallel" time="654.938" errors="0" timestamp="2022-04-25T13:30:25 EDT">
  <testcase classname="missionHumaneProject.Missionhumanetestpage" name="punecovidsearchdata" time="345.619"/>
  <testcase classname="missionHumaneProject.Missionhumanetestpage" name="tndataSearch" time="164.441"/>
  <testcase classname="missionHumaneProject.Missionhumanetestpage" name="wbdataSearch" time="138.822"/>
</testsuite> <!-- Testparallel -->
